0 info it worked if it ends with ok
1 verbose cli [ '/Users/victor.ribero/.nvm/versions/node/v8.11.3/bin/node',
1 verbose cli   '/Users/victor.ribero/.nvm/versions/node/v8.11.3/bin/npm',
1 verbose cli   'run',
1 verbose cli   'start' ]
2 info using npm@3.10.10
3 info using node@v8.11.3
4 verbose stack Error: missing script: start
4 verbose stack     at run (/Users/victor.ribero/.nvm/versions/node/v8.11.3/lib/node_modules/npm/lib/run-script.js:151:19)
4 verbose stack     at /Users/victor.ribero/.nvm/versions/node/v8.11.3/lib/node_modules/npm/lib/run-script.js:61:5
4 verbose stack     at /Users/victor.ribero/.nvm/versions/node/v8.11.3/lib/node_modules/npm/node_modules/read-package-json/read-json.js:356:5
4 verbose stack     at checkBinReferences_ (/Users/victor.ribero/.nvm/versions/node/v8.11.3/lib/node_modules/npm/node_modules/read-package-json/read-json.js:320:45)
4 verbose stack     at final (/Users/victor.ribero/.nvm/versions/node/v8.11.3/lib/node_modules/npm/node_modules/read-package-json/read-json.js:354:3)
4 verbose stack     at then (/Users/victor.ribero/.nvm/versions/node/v8.11.3/lib/node_modules/npm/node_modules/read-package-json/read-json.js:124:5)
4 verbose stack     at ReadFileContext.<anonymous> (/Users/victor.ribero/.nvm/versions/node/v8.11.3/lib/node_modules/npm/node_modules/read-package-json/read-json.js:295:20)
4 verbose stack     at ReadFileContext.callback (/Users/victor.ribero/.nvm/versions/node/v8.11.3/lib/node_modules/npm/node_modules/graceful-fs/graceful-fs.js:78:16)
4 verbose stack     at FSReqWrap.readFileAfterOpen [as oncomplete] (fs.js:420:13)
5 verbose cwd /Users/victor.ribero/offtopic/ProjectSaas/web/vribero-components/src/components/card/basic
6 error Darwin 17.7.0
7 error argv "/Users/victor.ribero/.nvm/versions/node/v8.11.3/bin/node" "/Users/victor.ribero/.nvm/versions/node/v8.11.3/bin/npm" "run" "start"
8 error node v8.11.3
9 error npm  v3.10.10
10 error missing script: start
11 error If you need help, you may report this error at:
11 error     <https://github.com/npm/npm/issues>
12 verbose exit [ 1, true ]
