0 info it worked if it ends with ok
1 verbose cli [ '/Users/victor.ribero/.nvm/versions/node/v8.11.3/bin/node',
1 verbose cli   '/Users/victor.ribero/.nvm/versions/node/v8.11.3/bin/npm',
1 verbose cli   'run',
1 verbose cli   'build' ]
2 info using npm@3.10.10
3 info using node@v8.11.3
4 verbose run-script [ 'prebuild', 'build', 'postbuild' ]
5 info lifecycle @vribero/badge-basic--themed@1.0.0~prebuild: @vribero/badge-basic--themed@1.0.0
6 silly lifecycle @vribero/badge-basic--themed@1.0.0~prebuild: no script for prebuild, continuing
7 info lifecycle @vribero/badge-basic--themed@1.0.0~build: @vribero/badge-basic--themed@1.0.0
8 verbose lifecycle @vribero/badge-basic--themed@1.0.0~build: unsafe-perm in lifecycle true
9 verbose lifecycle @vribero/badge-basic--themed@1.0.0~build: PATH: /Users/victor.ribero/.nvm/versions/node/v8.11.3/lib/node_modules/npm/bin/node-gyp-bin:/Users/victor.ribero/offtopic/vribero-components/src/components/badge/basic/node_modules/.bin:/Users/victor.ribero/bin:/usr/local/bin:./node_modules/.bin:/usr/local/bin:/usr/bin:/bin:/usr/sbin:/sbin:/Applications/VMware Fusion.app/Contents/Public:/Users/victor.ribero/.nvm/versions/node/v8.11.3/bin:/Users/victor.ribero/bin:./node_modules/.bin
10 verbose lifecycle @vribero/badge-basic--themed@1.0.0~build: CWD: /Users/victor.ribero/offtopic/vribero-components/src/components/badge/basic
11 silly lifecycle @vribero/badge-basic--themed@1.0.0~build: Args: [ '-c', 'rm -Rf ./lib && mkdir -p ./lib && npm run build:js' ]
12 silly lifecycle @vribero/badge-basic--themed@1.0.0~build: Returned: code: 1  signal: null
13 info lifecycle @vribero/badge-basic--themed@1.0.0~build: Failed to exec build script
14 verbose stack Error: @vribero/badge-basic--themed@1.0.0 build: `rm -Rf ./lib && mkdir -p ./lib && npm run build:js`
14 verbose stack Exit status 1
14 verbose stack     at EventEmitter.<anonymous> (/Users/victor.ribero/.nvm/versions/node/v8.11.3/lib/node_modules/npm/lib/utils/lifecycle.js:255:16)
14 verbose stack     at emitTwo (events.js:126:13)
14 verbose stack     at EventEmitter.emit (events.js:214:7)
14 verbose stack     at ChildProcess.<anonymous> (/Users/victor.ribero/.nvm/versions/node/v8.11.3/lib/node_modules/npm/lib/utils/spawn.js:40:14)
14 verbose stack     at emitTwo (events.js:126:13)
14 verbose stack     at ChildProcess.emit (events.js:214:7)
14 verbose stack     at maybeClose (internal/child_process.js:925:16)
14 verbose stack     at Process.ChildProcess._handle.onexit (internal/child_process.js:209:5)
15 verbose pkgid @vribero/badge-basic--themed@1.0.0
16 verbose cwd /Users/victor.ribero/offtopic/vribero-components/src/components/badge/basic
17 error Darwin 17.7.0
18 error argv "/Users/victor.ribero/.nvm/versions/node/v8.11.3/bin/node" "/Users/victor.ribero/.nvm/versions/node/v8.11.3/bin/npm" "run" "build"
19 error node v8.11.3
20 error npm  v3.10.10
21 error code ELIFECYCLE
22 error @vribero/badge-basic--themed@1.0.0 build: `rm -Rf ./lib && mkdir -p ./lib && npm run build:js`
22 error Exit status 1
23 error Failed at the @vribero/badge-basic--themed@1.0.0 build script 'rm -Rf ./lib && mkdir -p ./lib && npm run build:js'.
23 error Make sure you have the latest version of node.js and npm installed.
23 error If you do, this is most likely a problem with the @vribero/badge-basic--themed package,
23 error not with npm itself.
23 error Tell the author that this fails on your system:
23 error     rm -Rf ./lib && mkdir -p ./lib && npm run build:js
23 error You can get information on how to open an issue for this project with:
23 error     npm bugs @vribero/badge-basic--themed
23 error Or if that isn't available, you can get their info via:
23 error     npm owner ls @vribero/badge-basic--themed
23 error There is likely additional logging output above.
24 verbose exit [ 1, true ]
